<?xml version="1.0" encoding="UTF-8"?>
<!-- Generated by org.testng.reporters.JUnitReportReporter -->
<testsuite hostname="Shubham" failures="0" tests="1" name="First_Group.First_A.AppTest" time="0.002" errors="0" timestamp="2022-11-10T10:14:01 IST" skipped="0">
  <testcase classname="First_Group.First_A.AppTest" name="testApp" time="0.002"/>
  <system-out/>
</testsuite> <!-- First_Group.First_A.AppTest -->
